<?xml version="1.0" encoding="UTF-8"?>
<!-- Generated by org.testng.reporters.JUnitReportReporter -->
<testsuite skipped="0" hostname="SONY-VAIO" name="testPackage.AppTest" tests="1" failures="0" timestamp="07 Apr 2019 11:18:02 GMT" time="0.025" errors="0">
  <testcase name="shouldAnswerWithTrue" time="0.025" classname="testPackage.AppTest"/>
</testsuite> <!-- testPackage.AppTest -->
